# JRE version: Java(TM) SE Runtime Environment (19.0+36) (build 19+36-2238)
# Java VM: Java HotSpot(TM) 64-Bit Server VM (19+36-2238, mixed mode, sharing, tiered, compressed oops, compressed class ptrs, g1 gc, windows-amd64)
GC Precious Log:
 CardTable entry size: 512
 Card Set container configuration: InlinePtr #cards 4 size 8 Array Of Cards #cards 8 size 32 Howl #buckets 8 coarsen threshold 3686 Howl Bitmap #cards 512 size 80 coarsen threshold 460 Card regions per heap region 1 cards per card region 4096
 CPUs: 8 total, 8 available
 Memory: 16167M
 Large Page Support: Disabled
 NUMA Support: Disabled
 Compressed Oops: Enabled (Zero based)
 Heap Region Size: 2M
 Heap Min Capacity: 8M
 Heap Initial Capacity: 254M
 Heap Max Capacity: 4042M
 Pre-touch: Disabled
 Parallel Workers: 8
 Concurrent Workers: 2
 Concurrent Refinement Workers: 8
 Periodic GC: Disabled
Heap:
 garbage-first heap   total 92160K, used 39757K [0x0000000703600000, 0x0000000800000000)
  region size 2048K, 9 young (18432K), 1 survivors (2048K)
 Metaspace       used 38527K, committed 39232K, reserved 1114112K
  class space    used 4784K, committed 5120K, reserved 1048576K
GC Heap History (14 events):
Event: 0.377 GC heap before
{Heap before GC invocations=0 (full 0):
 garbage-first heap   total 260096K, used 20480K [0x0000000703600000, 0x0000000800000000)
  region size 2048K, 11 young (22528K), 0 survivors (0K)
 Metaspace       used 2793K, committed 3008K, reserved 1114112K
  class space    used 286K, committed 384K, reserved 1048576K
}
Event: 0.381 GC heap after
{Heap after GC invocations=1 (full 0):
 garbage-first heap   total 260096K, used 8906K [0x0000000703600000, 0x0000000800000000)
  region size 2048K, 2 young (4096K), 2 survivors (4096K)
 Metaspace       used 2793K, committed 3008K, reserved 1114112K
  class space    used 286K, committed 384K, reserved 1048576K
}
Event: 0.694 GC heap before
{Heap before GC invocations=1 (full 0):
 garbage-first heap   total 260096K, used 27338K [0x0000000703600000, 0x0000000800000000)
  region size 2048K, 12 young (24576K), 2 survivors (4096K)
 Metaspace       used 7880K, committed 8064K, reserved 1114112K
  class space    used 874K, committed 960K, reserved 1048576K
}
Event: 0.698 GC heap after
{Heap after GC invocations=2 (full 0):
 garbage-first heap   total 260096K, used 13272K [0x0000000703600000, 0x0000000800000000)
  region size 2048K, 2 young (4096K), 2 survivors (4096K)
 Metaspace       used 7880K, committed 8064K, reserved 1114112K
  class space    used 874K, committed 960K, reserved 1048576K
}
Event: 2.512 GC heap before
{Heap before GC invocations=2 (full 0):
 garbage-first heap   total 260096K, used 66520K [0x0000000703600000, 0x0000000800000000)
  region size 2048K, 30 young (61440K), 2 survivors (4096K)
 Metaspace       used 21201K, committed 21504K, reserved 1114112K
  class space    used 2591K, committed 2752K, reserved 1048576K
}
Event: 2.518 GC heap after
{Heap after GC invocations=3 (full 0):
 garbage-first heap   total 260096K, used 18495K [0x0000000703600000, 0x0000000800000000)
  region size 2048K, 4 young (8192K), 4 survivors (8192K)
 Metaspace       used 21201K, committed 21504K, reserved 1114112K
  class space    used 2591K, committed 2752K, reserved 1048576K
}
Event: 3.122 GC heap before
{Heap before GC invocations=4 (full 0):
 garbage-first heap   total 75776K, used 55359K [0x0000000703600000, 0x0000000800000000)
  region size 2048K, 22 young (45056K), 4 survivors (8192K)
 Metaspace       used 26002K, committed 26432K, reserved 1114112K
  class space    used 3232K, committed 3456K, reserved 1048576K
}
Event: 3.130 GC heap after
{Heap after GC invocations=5 (full 0):
 garbage-first heap   total 75776K, used 20016K [0x0000000703600000, 0x0000000800000000)
  region size 2048K, 3 young (6144K), 3 survivors (6144K)
 Metaspace       used 26002K, committed 26432K, reserved 1114112K
  class space    used 3232K, committed 3456K, reserved 1048576K
}
Event: 3.167 GC heap before
{Heap before GC invocations=5 (full 0):
 garbage-first heap   total 75776K, used 22064K [0x0000000703600000, 0x0000000800000000)
  region size 2048K, 4 young (8192K), 3 survivors (6144K)
 Metaspace       used 26627K, committed 27072K, reserved 1114112K
  class space    used 3298K, committed 3520K, reserved 1048576K
}
Event: 3.171 GC heap after
{Heap after GC invocations=6 (full 0):
 garbage-first heap   total 92160K, used 20616K [0x0000000703600000, 0x0000000800000000)
  region size 2048K, 1 young (2048K), 1 survivors (2048K)
 Metaspace       used 26627K, committed 27072K, reserved 1114112K
  class space    used 3298K, committed 3520K, reserved 1048576K
}
Event: 3.943 GC heap before
{Heap before GC invocations=6 (full 0):
 garbage-first heap   total 92160K, used 59528K [0x0000000703600000, 0x0000000800000000)
  region size 2048K, 20 young (40960K), 1 survivors (2048K)
 Metaspace       used 34058K, committed 34688K, reserved 1114112K
  class space    used 4242K, committed 4544K, reserved 1048576K
}
Event: 3.949 GC heap after
{Heap after GC invocations=7 (full 0):
 garbage-first heap   total 92160K, used 24284K [0x0000000703600000, 0x0000000800000000)
  region size 2048K, 3 young (6144K), 3 survivors (6144K)
 Metaspace       used 34058K, committed 34688K, reserved 1114112K
  class space    used 4242K, committed 4544K, reserved 1048576K
}
Event: 5.292 GC heap before
{Heap before GC invocations=7 (full 0):
 garbage-first heap   total 92160K, used 32476K [0x0000000703600000, 0x0000000800000000)
  region size 2048K, 8 young (16384K), 3 survivors (6144K)
 Metaspace       used 35510K, committed 36096K, reserved 1114112K
  class space    used 4434K, committed 4736K, reserved 1048576K
}
Event: 5.297 GC heap after
{Heap after GC invocations=8 (full 0):
 garbage-first heap   total 92160K, used 25421K [0x0000000703600000, 0x0000000800000000)
  region size 2048K, 1 young (2048K), 1 survivors (2048K)
 Metaspace       used 35510K, committed 36096K, reserved 1114112K
  class space    used 4434K, committed 4736K, reserved 1048576K
}

